<?xml version="1.0" encoding="UTF-8"?>
<testsuite xmlns:xsi="http://www.w3.org/2001/XMLSchema-instance" xsi:noNamespaceSchemaLocation="https://maven.apache.org/surefire/maven-surefire-plugin/xsd/surefire-test-report-3.0.xsd" version="3.0" name="com.example.caixa.CaixaApplicationTests" time="5.389" tests="1" errors="0" skipped="0" failures="0">
  <properties>
[...]
</properties>
  <testcase name="contextLoads" classname="com.example.caixa.CaixaApplicationTests" time="0.442">
    <system-out><![CDATA[18:01:18.532 [main] INFO org.springframework.test.context.support.AnnotationConfigContextLoaderUtils -- Could not detect default configuration classes for test class [com.example.caixa.CaixaApplicationTests]: CaixaApplicationTests does not declare any static, non-private, non-final, nested classes annotated with @Configuration.
18:01:18.609 [main] INFO org.springframework.boot.test.context.SpringBootTestContextBootstrapper -- Found @SpringBootConfiguration com.example.caixa.CaixaApplication for test class com.example.caixa.CaixaApplicationTests
18:01:18.806 [main] INFO org.springframework.boot.devtools.restart.RestartApplicationListener -- Restart disabled due to context in which it is running

  .   ____          _            __ _ _
 /\\ / ___'_ __ _ _(_)_ __  __ _ \ \ \ \
( ( )\___ | '_ | '_| | '_ \/ _` | \ \ \ \
 \\/  ___)| |_)| | | | | || (_| |  ) ) ) )
  '  |____| .__|_| |_|_| |_\__, | / / / /
 =========|_|==============|___/=/_/_/_/

 :: Spring Boot ::                (v3.3.4)

2024-10-07T18:01:19.027-03:00  INFO 24364 --- [caixa] [           main] c.example.caixa.CaixaApplicationTests    : Starting CaixaApplicationTests using Java 17.0.12 with PID 24364 (started by nlcneto in C:\Users\nlcneto\Documents\repositorios\Desafio\caixa)
2024-10-07T18:01:19.028-03:00  INFO 24364 --- [caixa] [           main] c.example.caixa.CaixaApplicationTests    : No active profile set, falling back to 1 default profile: "default"
2024-10-07T18:01:19.609-03:00  INFO 24364 --- [caixa] [           main] .s.d.r.c.RepositoryConfigurationDelegate : Bootstrapping Spring Data JPA repositories in DEFAULT mode.
2024-10-07T18:01:19.694-03:00  INFO 24364 --- [caixa] [           main] .s.d.r.c.RepositoryConfigurationDelegate : Finished Spring Data repository scanning in 72 ms. Found 2 JPA repository interfaces.
2024-10-07T18:01:20.392-03:00  INFO 24364 --- [caixa] [           main] com.zaxxer.hikari.HikariDataSource       : HikariPool-1 - Starting...
2024-10-07T18:01:20.614-03:00  INFO 24364 --- [caixa] [           main] com.zaxxer.hikari.pool.HikariPool        : HikariPool-1 - Added connection org.postgresql.jdbc.PgConnection@7302ff13
2024-10-07T18:01:20.617-03:00  INFO 24364 --- [caixa] [           main] com.zaxxer.hikari.HikariDataSource       : HikariPool-1 - Start completed.
2024-10-07T18:01:20.660-03:00  INFO 24364 --- [caixa] [           main] org.flywaydb.core.FlywayExecutor         : Database: jdbc:postgresql://localhost:5432/postgres (PostgreSQL 17.0)
2024-10-07T18:01:20.676-03:00  WARN 24364 --- [caixa] [           main] o.f.c.internal.database.base.Database    : Flyway upgrade recommended: PostgreSQL 17.0 is newer than this version of Flyway and support has not been tested. The latest supported version of PostgreSQL is 16.
2024-10-07T18:01:20.726-03:00  INFO 24364 --- [caixa] [           main] o.f.core.internal.command.DbValidate     : Successfully validated 3 migrations (execution time 00:00.038s)
2024-10-07T18:01:20.789-03:00  INFO 24364 --- [caixa] [           main] o.f.core.internal.command.DbMigrate      : Current version of schema "public": 3
2024-10-07T18:01:20.793-03:00  INFO 24364 --- [caixa] [           main] o.f.core.internal.command.DbMigrate      : Schema "public" is up to date. No migration necessary.
2024-10-07T18:01:20.981-03:00  INFO 24364 --- [caixa] [           main] o.hibernate.jpa.internal.util.LogHelper  : HHH000204: Processing PersistenceUnitInfo [name: default]
2024-10-07T18:01:21.099-03:00  INFO 24364 --- [caixa] [           main] org.hibernate.Version                    : HHH000412: Hibernate ORM core version 6.5.3.Final
2024-10-07T18:01:21.155-03:00  INFO 24364 --- [caixa] [           main] o.h.c.internal.RegionFactoryInitiator    : HHH000026: Second-level cache disabled
2024-10-07T18:01:21.591-03:00  INFO 24364 --- [caixa] [           main] o.s.o.j.p.SpringPersistenceUnitInfo      : No LoadTimeWeaver setup: ignoring JPA class transformer
2024-10-07T18:01:22.325-03:00  INFO 24364 --- [caixa] [           main] o.h.e.t.j.p.i.JtaPlatformInitiator       : HHH000489: No JTA platform available (set 'hibernate.transaction.jta.platform' to enable JTA platform integration)
2024-10-07T18:01:22.328-03:00  INFO 24364 --- [caixa] [           main] j.LocalContainerEntityManagerFactoryBean : Initialized JPA EntityManagerFactory for persistence unit 'default'
2024-10-07T18:01:22.831-03:00  WARN 24364 --- [caixa] [           main] JpaBaseConfiguration$JpaWebConfiguration : spring.jpa.open-in-view is enabled by default. Therefore, database queries may be performed during view rendering. Explicitly configure spring.jpa.open-in-view to disable this warning
2024-10-07T18:01:23.315-03:00  INFO 24364 --- [caixa] [           main] c.example.caixa.CaixaApplicationTests    : Started CaixaApplicationTests in 4.52 seconds (process running for 5.459)
]]></system-out>
  </testcase>
</testsuite>